<?xml version="1.0" encoding="UTF-8"?>
<!-- Generated by org.testng.reporters.JUnitReportReporter -->
<testsuite hostname="DESKTOP-NPJB8M5" failures="0" tests="1" name="testscripts.ProjectActivity9" time="19.300" errors="0" timestamp="2022-04-19T15:28:51 IST" skipped="0">
  <testcase classname="testscripts.ProjectActivity9" name="Activity9" time="19.300"/>
  <system-out/>
</testsuite> <!-- testscripts.ProjectActivity9 -->
