<?xml version="1.0" encoding="UTF-8"?>
<!-- Generated by org.testng.reporters.JUnitReportReporter -->
<testsuite hostname="DESKTOP-NPJB8M5" failures="0" tests="1" name="testscripts.ProjectActivity7" time="25.825" errors="0" timestamp="2022-04-19T10:34:38 IST" skipped="0">
  <testcase classname="testscripts.ProjectActivity7" name="Activity1" time="25.825"/>
  <system-out/>
</testsuite> <!-- testscripts.ProjectActivity7 -->
