<?xml version="1.0" encoding="UTF-8"?>
<!-- Generated by org.testng.reporters.JUnitReportReporter -->
<testsuite hostname="DESKTOP-NPJB8M5" failures="0" tests="1" name="testscripts.ProjectActivity4" time="110.611" errors="0" timestamp="2022-04-18T18:47:31 IST" skipped="0">
  <testcase classname="testscripts.ProjectActivity4" name="Activity4" time="110.611"/>
  <system-out/>
</testsuite> <!-- testscripts.ProjectActivity4 -->
