<?xml version="1.0" encoding="UTF-8"?>
<!-- Generated by org.testng.reporters.JUnitReportReporter -->
<testsuite hostname="DESKTOP-NPJB8M5" failures="0" tests="1" name="testscripts.ProjectActivity5" time="74.990" errors="0" timestamp="2022-04-18T19:54:53 IST" skipped="0">
  <testcase classname="testscripts.ProjectActivity5" name="Activity4" time="74.990"/>
  <system-out/>
</testsuite> <!-- testscripts.ProjectActivity5 -->
