<?xml version="1.0" encoding="UTF-8"?>
<!-- Generated by org.testng.reporters.JUnitReportReporter -->
<testsuite hostname="DESKTOP-NPJB8M5" failures="0" tests="1" name="testscripts.ProjectActivity1" time="12.460" errors="0" timestamp="2022-04-18T11:01:20 IST" skipped="0">
  <testcase classname="testscripts.ProjectActivity1" name="Activity1" time="12.460"/>
  <system-out/>
</testsuite> <!-- testscripts.ProjectActivity1 -->
