<?xml version="1.0" encoding="UTF-8"?>
<!-- Generated by org.testng.reporters.JUnitReportReporter -->
<testsuite hostname="DESKTOP-NPJB8M5" failures="0" tests="1" name="testscripts.ProjectActivity" time="5.071" errors="0" timestamp="2022-04-18T10:11:50 IST" skipped="0">
  <testcase classname="testscripts.ProjectActivity" name="Activity1" time="5.071"/>
  <system-out/>
</testsuite> <!-- testscripts.ProjectActivity -->
