<?xml version="1.0" encoding="UTF-8"?>
<!-- Generated by org.testng.reporters.JUnitReportReporter -->
<testsuite hostname="DESKTOP-NPJB8M5" failures="0" tests="1" name="testscripts.ProjectActivity6" time="12.259" errors="0" timestamp="2022-04-18T20:05:21 IST" skipped="0">
  <testcase classname="testscripts.ProjectActivity6" name="Activity6" time="12.259"/>
  <system-out/>
</testsuite> <!-- testscripts.ProjectActivity6 -->
