<?xml version="1.0" encoding="UTF-8"?>
<!-- Generated by org.testng.reporters.JUnitReportReporter -->
<testsuite hostname="DESKTOP-NPJB8M5" failures="0" tests="1" name="testscripts.ProjectActivity8" time="27.873" errors="0" timestamp="2022-04-19T11:09:05 IST" skipped="0">
  <testcase classname="testscripts.ProjectActivity8" name="Activity7" time="27.873"/>
  <system-out/>
</testsuite> <!-- testscripts.ProjectActivity8 -->
