<?xml version="1.0" encoding="UTF-8"?>
<!-- Generated by org.testng.reporters.JUnitReportReporter -->
<testsuite hostname="DESKTOP-NPJB8M5" failures="0" tests="1" name="testscripts.ProjectActivity2" time="7.770" errors="0" timestamp="2022-04-18T11:01:20 IST" skipped="0">
  <testcase classname="testscripts.ProjectActivity2" name="Activity2" time="7.770"/>
  <system-out/>
</testsuite> <!-- testscripts.ProjectActivity2 -->
